<?xml version="1.0" encoding="UTF-8"?>
<testsuite xmlns:xsi="http://www.w3.org/2001/XMLSchema-instance" xsi:noNamespaceSchemaLocation="https://maven.apache.org/surefire/maven-surefire-plugin/xsd/surefire-test-report-3.0.xsd" version="3.0" name="com.necibe.tests.JsonPlaceholderApiTest" time="3.378" tests="3" errors="0" skipped="0" failures="0">
  <properties>
[...]
</properties>
  <testcase name="testGetPostById" classname="com.necibe.tests.JsonPlaceholderApiTest" time="2.011">
    <system-out><![CDATA[Request method:	GET
Request URI:	https://jsonplaceholder.typicode.com/posts/1
Proxy:			<none>
Request params:	<none>
Query params:	<none>
Form params:	<none>
Path params:	<none>
Headers:		Accept=*/*
Cookies:		<none>
Multiparts:		<none>
Body:			<none>
HTTP/1.1 200 OK
Date: Fri, 30 May 2025 12:45:03 GMT
Content-Type: application/json; charset=utf-8
Content-Length: 292
Connection: keep-alive
Server: cloudflare
Cf-Ray: 947e53908db8d616-IST
Report-To: {"group":"heroku-nel","max_age":3600,"endpoints":[{"url":"https://nel.heroku.com/reports?ts=1745348616&sid=e11707d5-02a7-43ef-b45e-2cf4d2036f7d&s=ZQM1FwWQ879Il1%2BkeqKRSa41Xlzs8KQxWIO1X%2FxRGoY%3D"}]}
Reporting-Endpoints: heroku-nel=https://nel.heroku.com/reports?ts=1745348616&sid=e11707d5-02a7-43ef-b45e-2cf4d2036f7d&s=ZQM1FwWQ879Il1%2BkeqKRSa41Xlzs8KQxWIO1X%2FxRGoY%3D
Nel: {"report_to":"heroku-nel","max_age":3600,"success_fraction":0.005,"failure_fraction":0.05,"response_headers":["Via"]}
X-Powered-By: Express
X-Ratelimit-Limit: 1000
X-Ratelimit-Remaining: 999
X-Ratelimit-Reset: 1745348653
Vary: Origin, Accept-Encoding
Access-Control-Allow-Credentials: true
Cache-Control: max-age=43200
Pragma: no-cache
Expires: -1
X-Content-Type-Options: nosniff
Etag: W/"124-yiKdLzqO5gfBrJFrcdJ8Yq0LGnU"
Via: 1.1 vegur
Age: 5988
Cf-Cache-Status: HIT
alt-svc: h3=":443"; ma=86400
server-timing: cfL4;desc="?proto=TCP&rtt=21003&min_rtt=20756&rtt_var=8279&sent=7&recv=7&lost=0&retrans=0&sent_bytes=3112&recv_bytes=804&delivery_rate=191573&cwnd=250&unsent_bytes=0&cid=f9f43337b9009599&ts=194&x=0"

{
    "userId": 1,
    "id": 1,
    "title": "sunt aut facere repellat provident occaecati excepturi optio reprehenderit",
    "body": "quia et suscipit\nsuscipit recusandae consequuntur expedita et cum\nreprehenderit molestiae ut ut quas totam\nnostrum rerum est autem sunt rem eveniet architecto"
}
✅ GET /posts/1 response time: 784 ms
]]></system-out>
  </testcase>
  <testcase name="testUpdatePostById" classname="com.necibe.tests.JsonPlaceholderApiTest" time="0.624">
    <system-out><![CDATA[HTTP/1.1 200 OK
Date: Fri, 30 May 2025 12:45:04 GMT
Content-Type: application/json; charset=utf-8
Content-Length: 102
Connection: keep-alive
Server: cloudflare
Cf-Ray: 947e539699d3db8d-IST
Access-Control-Allow-Credentials: true
Cache-Control: no-cache
Etag: W/"66-HMEnWGGOwkOj5gz8pTFEPA3so/8"
Expires: -1
Nel: {"report_to":"heroku-nel","response_headers":["Via"],"max_age":3600,"success_fraction":0.01,"failure_fraction":0.1}
Pragma: no-cache
Report-To: {"group":"heroku-nel","endpoints":[{"url":"https://nel.heroku.com/reports?s=H49i2tSNsFBzqI96Pr4x7z2DKZL89NAFTvoIp5f3jvk%3D\u0026sid=e11707d5-02a7-43ef-b45e-2cf4d2036f7d\u0026ts=1748609104"}],"max_age":3600}
Reporting-Endpoints: heroku-nel="https://nel.heroku.com/reports?s=H49i2tSNsFBzqI96Pr4x7z2DKZL89NAFTvoIp5f3jvk%3D&sid=e11707d5-02a7-43ef-b45e-2cf4d2036f7d&ts=1748609104"
Vary: Origin, Accept-Encoding
Via: 2.0 heroku-router
X-Content-Type-Options: nosniff
X-Powered-By: Express
X-Ratelimit-Limit: 1000
X-Ratelimit-Remaining: 999
X-Ratelimit-Reset: 1748609116
Cf-Cache-Status: DYNAMIC
alt-svc: h3=":443"; ma=86400
server-timing: cfL4;desc="?proto=TCP&rtt=27371&min_rtt=26814&rtt_var=10453&sent=5&recv=6&lost=0&retrans=0&sent_bytes=3111&recv_bytes=983&delivery_rate=162452&cwnd=252&unsent_bytes=0&cid=70366cdba8a0ea96&ts=430&x=0"

{
    "id": 1,
    "title": "<<Guncellenmis Baslik>>",
    "body": "Bu icerik guncellendi.",
    "userId": 1
}
✅ PUT /posts/1 response time: 539 ms
]]></system-out>
  </testcase>
  <testcase name="testCreatePost" classname="com.necibe.tests.JsonPlaceholderApiTest" time="0.332">
    <system-out><![CDATA[HTTP/1.1 201 Created
Date: Fri, 30 May 2025 12:45:05 GMT
Content-Type: application/json; charset=utf-8
Content-Length: 107
Connection: keep-alive
Server: cloudflare
Cf-Ray: 947e539a4cd0a61b-IST
Access-Control-Allow-Credentials: true
Access-Control-Expose-Headers: Location
Cache-Control: no-cache
Etag: W/"6b-RUWV9iZS0Htm7Oz518y98ds1yFM"
Expires: -1
Location: https://jsonplaceholder.typicode.com/posts/101
Nel: {"report_to":"heroku-nel","response_headers":["Via"],"max_age":3600,"success_fraction":0.01,"failure_fraction":0.1}
Pragma: no-cache
Report-To: {"group":"heroku-nel","endpoints":[{"url":"https://nel.heroku.com/reports?s=YKAH4g%2Bd4Gl%2FpKTCk84ZvBeDydTjkNnGpPRz9V3SHHU%3D\u0026sid=e11707d5-02a7-43ef-b45e-2cf4d2036f7d\u0026ts=1748609105"}],"max_age":3600}
Reporting-Endpoints: heroku-nel="https://nel.heroku.com/reports?s=YKAH4g%2Bd4Gl%2FpKTCk84ZvBeDydTjkNnGpPRz9V3SHHU%3D&sid=e11707d5-02a7-43ef-b45e-2cf4d2036f7d&ts=1748609105"
Vary: Origin, X-HTTP-Method-Override, Accept-Encoding
Via: 2.0 heroku-router
X-Content-Type-Options: nosniff
X-Powered-By: Express
X-Ratelimit-Limit: 1000
X-Ratelimit-Remaining: 998
X-Ratelimit-Reset: 1748609116
Cf-Cache-Status: DYNAMIC
alt-svc: h3=":443"; ma=86400
server-timing: cfL4;desc="?proto=TCP&rtt=19975&min_rtt=19635&rtt_var=8043&sent=5&recv=6&lost=0&retrans=0&sent_bytes=3111&recv_bytes=972&delivery_rate=194855&cwnd=252&unsent_bytes=0&cid=6610cf6c751f03e4&ts=184&x=0"

{
    "title": "<<REST Assured testi>>",
    "body": "Bu bir test gonderisidir.",
    "userId": 10,
    "id": 101
}
✅ POST /posts response time: 255 ms
]]></system-out>
  </testcase>
</testsuite>