<?xml version="1.0" encoding="UTF-8"?>
<testsuite xmlns:xsi="http://www.w3.org/2001/XMLSchema-instance" xsi:noNamespaceSchemaLocation="https://maven.apache.org/surefire/maven-surefire-plugin/xsd/surefire-test-report.xsd" name="tests.PostTests" time="2.384" tests="1" errors="0" skipped="0" failures="1">
  <properties>
[...]
</properties>
  <testcase name="createPost" classname="tests.PostTests" time="1.795">
    <failure message="1 expectation failed.&#10;Expected response time was not a value less than &lt;1000L&gt; mıllıseconds, was 1287 milliseconds (1287 mıllıseconds)." type="java.lang.AssertionError"><![CDATA[java.lang.AssertionError: 
1 expectation failed.
Expected response time was not a value less than <1000L> mıllıseconds, was 1287 milliseconds (1287 mıllıseconds).
	at tests.PostTests.createPost(PostTests.java:34)
]]></failure>
    <system-out><![CDATA[HTTP/1.1 201 Created
Date: Wed, 21 May 2025 18:12:06 GMT
Content-Type: application/json; charset=utf-8
Content-Length: 65
Connection: keep-alive
Access-Control-Allow-Credentials: true
Access-Control-Expose-Headers: Location
Cache-Control: no-cache
Etag: W/"41-GDNaWfnVU6RZhpLbye0veBaqcHA"
Expires: -1
Location: https://jsonplaceholder.typicode.com/posts/101
Nel: {"report_to":"heroku-nel","response_headers":["Via"],"max_age":3600,"success_fraction":0.01,"failure_fraction":0.1}
Pragma: no-cache
Report-To: {"group":"heroku-nel","endpoints":[{"url":"https://nel.heroku.com/reports?s=mLmgVgfCIJOjdNX1mgKN7VIOdG5peme4AqR9hkhc9WM%3D\u0026sid=e11707d5-02a7-43ef-b45e-2cf4d2036f7d\u0026ts=1747851126"}],"max_age":3600}
Reporting-Endpoints: heroku-nel="https://nel.heroku.com/reports?s=mLmgVgfCIJOjdNX1mgKN7VIOdG5peme4AqR9hkhc9WM%3D&sid=e11707d5-02a7-43ef-b45e-2cf4d2036f7d&ts=1747851126"
Server: cloudflare
Vary: Origin, X-HTTP-Method-Override, Accept-Encoding
Via: 2.0 heroku-router
X-Content-Type-Options: nosniff
X-Powered-By: Express
X-Ratelimit-Limit: 1000
X-Ratelimit-Remaining: 998
X-Ratelimit-Reset: 1747851134
Cf-Cache-Status: DYNAMIC
CF-RAY: 94360a4008e0e4b4-OTP
alt-svc: h3=":443"; ma=86400

{
    "title": "foo",
    "body": "bar",
    "userId": 1,
    "id": 101
}
]]></system-out>
  </testcase>
</testsuite>