<?xml version="1.0" encoding="UTF-8"?>
<testsuite xmlns:xsi="http://www.w3.org/2001/XMLSchema-instance" xsi:noNamespaceSchemaLocation="https://maven.apache.org/surefire/maven-surefire-plugin/xsd/surefire-test-report-3.0.xsd" version="3.0" name="com.necibe.tests.JsonPlaceholderApiTest" time="5.026" tests="3" errors="0" skipped="0" failures="1">
  <properties>
[...]
</properties>
  <testcase name="testGetPostById" classname="com.necibe.tests.JsonPlaceholderApiTest" time="2.265">
    <system-out><![CDATA[Request method:	GET
Request URI:	https://jsonplaceholder.typicode.com/posts/1
Proxy:			<none>
Request params:	<none>
Query params:	<none>
Form params:	<none>
Path params:	<none>
Headers:		Accept=*/*
Cookies:		<none>
Multiparts:		<none>
Body:			<none>
HTTP/1.1 200 OK
Date: Fri, 30 May 2025 11:46:41 GMT
Content-Type: application/json; charset=utf-8
Content-Length: 292
Connection: keep-alive
Server: cloudflare
Report-To: {"group":"heroku-nel","max_age":3600,"endpoints":[{"url":"https://nel.heroku.com/reports?ts=1745348616&sid=e11707d5-02a7-43ef-b45e-2cf4d2036f7d&s=ZQM1FwWQ879Il1%2BkeqKRSa41Xlzs8KQxWIO1X%2FxRGoY%3D"}]}
Reporting-Endpoints: heroku-nel=https://nel.heroku.com/reports?ts=1745348616&sid=e11707d5-02a7-43ef-b45e-2cf4d2036f7d&s=ZQM1FwWQ879Il1%2BkeqKRSa41Xlzs8KQxWIO1X%2FxRGoY%3D
Nel: {"report_to":"heroku-nel","max_age":3600,"success_fraction":0.005,"failure_fraction":0.05,"response_headers":["Via"]}
X-Powered-By: Express
X-Ratelimit-Limit: 1000
X-Ratelimit-Remaining: 999
X-Ratelimit-Reset: 1745348653
Vary: Origin, Accept-Encoding
Access-Control-Allow-Credentials: true
Cache-Control: max-age=43200
Pragma: no-cache
Expires: -1
X-Content-Type-Options: nosniff
Etag: W/"124-yiKdLzqO5gfBrJFrcdJ8Yq0LGnU"
Via: 1.1 vegur
Age: 2486
Cf-Cache-Status: HIT
CF-RAY: 947dfe127df188e2-IST
alt-svc: h3=":443"; ma=86400

{
    "userId": 1,
    "id": 1,
    "title": "sunt aut facere repellat provident occaecati excepturi optio reprehenderit",
    "body": "quia et suscipit\nsuscipit recusandae consequuntur expedita et cum\nreprehenderit molestiae ut ut quas totam\nnostrum rerum est autem sunt rem eveniet architecto"
}
✅ GET /posts/1 response time: 917 ms
]]></system-out>
  </testcase>
  <testcase name="testUpdatePostById" classname="com.necibe.tests.JsonPlaceholderApiTest" time="1.627">
    <failure message="❗ Update isteği 1 saniyeden uzun sürdü! Süre: 1514 ms" type="java.lang.AssertionError"><![CDATA[java.lang.AssertionError: ❗ Update isteği 1 saniyeden uzun sürdü! Süre: 1514 ms
	at com.necibe.tests.JsonPlaceholderApiTest.testUpdatePostById(JsonPlaceholderApiTest.java:91)
	at java.base/jdk.internal.reflect.DirectMethodHandleAccessor.invoke(DirectMethodHandleAccessor.java:104)
	at java.base/java.lang.reflect.Method.invoke(Method.java:578)
	at org.junit.runners.model.FrameworkMethod$1.runReflectiveCall(FrameworkMethod.java:59)
	at org.junit.internal.runners.model.ReflectiveCallable.run(ReflectiveCallable.java:12)
	at org.junit.runners.model.FrameworkMethod.invokeExplosively(FrameworkMethod.java:56)
	at org.junit.internal.runners.statements.InvokeMethod.evaluate(InvokeMethod.java:17)
	at org.junit.runners.ParentRunner$3.evaluate(ParentRunner.java:306)
	at org.junit.runners.BlockJUnit4ClassRunner$1.evaluate(BlockJUnit4ClassRunner.java:100)
	at org.junit.runners.ParentRunner.runLeaf(ParentRunner.java:366)
	at org.junit.runners.BlockJUnit4ClassRunner.runChild(BlockJUnit4ClassRunner.java:103)
	at org.junit.runners.BlockJUnit4ClassRunner.runChild(BlockJUnit4ClassRunner.java:63)
	at org.junit.runners.ParentRunner$4.run(ParentRunner.java:331)
	at org.junit.runners.ParentRunner$1.schedule(ParentRunner.java:79)
	at org.junit.runners.ParentRunner.runChildren(ParentRunner.java:329)
	at org.junit.runners.ParentRunner.access$100(ParentRunner.java:66)
	at org.junit.runners.ParentRunner$2.evaluate(ParentRunner.java:293)
	at org.junit.internal.runners.statements.RunBefores.evaluate(RunBefores.java:26)
	at org.junit.runners.ParentRunner$3.evaluate(ParentRunner.java:306)
	at org.junit.runners.ParentRunner.run(ParentRunner.java:413)
	at org.apache.maven.surefire.junit4.JUnit4Provider.execute(JUnit4Provider.java:316)
	at org.apache.maven.surefire.junit4.JUnit4Provider.executeWithRerun(JUnit4Provider.java:240)
	at org.apache.maven.surefire.junit4.JUnit4Provider.executeTestSet(JUnit4Provider.java:214)
	at org.apache.maven.surefire.junit4.JUnit4Provider.invoke(JUnit4Provider.java:155)
	at org.apache.maven.surefire.booter.ForkedBooter.runSuitesInProcess(ForkedBooter.java:385)
	at org.apache.maven.surefire.booter.ForkedBooter.execute(ForkedBooter.java:162)
	at org.apache.maven.surefire.booter.ForkedBooter.run(ForkedBooter.java:507)
	at org.apache.maven.surefire.booter.ForkedBooter.main(ForkedBooter.java:495)
]]></failure>
    <system-out><![CDATA[HTTP/1.1 200 OK
Date: Fri, 30 May 2025 11:46:43 GMT
Content-Type: application/json; charset=utf-8
Content-Length: 98
Connection: keep-alive
Access-Control-Allow-Credentials: true
Cache-Control: no-cache
Etag: W/"62-yL0hoA0F6nYE8JU5CWXo3fq7k7M"
Expires: -1
Nel: {"report_to":"heroku-nel","response_headers":["Via"],"max_age":3600,"success_fraction":0.01,"failure_fraction":0.1}
Pragma: no-cache
Report-To: {"group":"heroku-nel","endpoints":[{"url":"https://nel.heroku.com/reports?s=bL1sJXbiANFxJwNmxUVOEWPcGvfKZDyj%2BkJovSxThCE%3D\u0026sid=e11707d5-02a7-43ef-b45e-2cf4d2036f7d\u0026ts=1748605603"}],"max_age":3600}
Reporting-Endpoints: heroku-nel="https://nel.heroku.com/reports?s=bL1sJXbiANFxJwNmxUVOEWPcGvfKZDyj%2BkJovSxThCE%3D&sid=e11707d5-02a7-43ef-b45e-2cf4d2036f7d&ts=1748605603"
Server: cloudflare
Vary: Origin, Accept-Encoding
Via: 2.0 heroku-router
X-Content-Type-Options: nosniff
X-Powered-By: Express
X-Ratelimit-Limit: 1000
X-Ratelimit-Remaining: 995
X-Ratelimit-Reset: 1748605636
Cf-Cache-Status: DYNAMIC
CF-RAY: 947dfe1e0ab2e332-IST
alt-svc: h3=":443"; ma=86400

{
    "id": 1,
    "title": "Guncellenmis Baslik",
    "body": "Bu icerik guncellendi.",
    "userId": 1
}
✅ PUT /posts/1 response time: 1514 ms
]]></system-out>
  </testcase>
  <testcase name="testCreatePost" classname="com.necibe.tests.JsonPlaceholderApiTest" time="0.649">
    <system-out><![CDATA[HTTP/1.1 201 Created
Date: Fri, 30 May 2025 11:46:44 GMT
Content-Type: application/json; charset=utf-8
Content-Length: 104
Connection: keep-alive
Access-Control-Allow-Credentials: true
Access-Control-Expose-Headers: Location
Cache-Control: no-cache
Etag: W/"68-wQeEXYi0L9mTqf9TCFd3R0MstnE"
Expires: -1
Location: https://jsonplaceholder.typicode.com/posts/101
Nel: {"report_to":"heroku-nel","response_headers":["Via"],"max_age":3600,"success_fraction":0.01,"failure_fraction":0.1}
Pragma: no-cache
Report-To: {"group":"heroku-nel","endpoints":[{"url":"https://nel.heroku.com/reports?s=z%2F8p%2BHxaSF5zyUl%2BteNRk64t3ATK1J20hu3g4IA5CIE%3D\u0026sid=e11707d5-02a7-43ef-b45e-2cf4d2036f7d\u0026ts=1748605604"}],"max_age":3600}
Reporting-Endpoints: heroku-nel="https://nel.heroku.com/reports?s=z%2F8p%2BHxaSF5zyUl%2BteNRk64t3ATK1J20hu3g4IA5CIE%3D&sid=e11707d5-02a7-43ef-b45e-2cf4d2036f7d&ts=1748605604"
Server: cloudflare
Vary: Origin, X-HTTP-Method-Override, Accept-Encoding
Via: 2.0 heroku-router
X-Content-Type-Options: nosniff
X-Powered-By: Express
X-Ratelimit-Limit: 1000
X-Ratelimit-Remaining: 994
X-Ratelimit-Reset: 1748605636
Cf-Cache-Status: DYNAMIC
CF-RAY: 947dfe21b8d3f49e-IST
alt-svc: h3=":443"; ma=86400

{
    "title": "REST Assured testi",
    "body": "Bu bir test gönderisidir.",
    "userId": 10,
    "id": 101
}
✅ POST /posts response time: 553 ms
]]></system-out>
  </testcase>
</testsuite>